<?xml version="1.0" encoding="UTF-8"?>
<!-- Generated by org.testng.reporters.JUnitReportReporter -->
<testsuite hostname="LAPTOP-DFDTRN2Q" failures="0" tests="1" name="Groups.grouptest1" time="10.953" errors="0" timestamp="2022-04-26T13:06:11 IST" skipped="0">
  <testcase classname="Groups.grouptest1" name="glogoTest" time="10.953"/>
  <system-out/>
</testsuite> <!-- Groups.grouptest1 -->
