<?xml version="1.0" encoding="UTF-8"?>
<!-- Generated by org.testng.reporters.JUnitReportReporter -->
<testsuite hostname="LAPTOP-DFDTRN2Q" failures="0" tests="1" name="Groups.grouptest2" time="7.151" errors="0" timestamp="2022-04-26T13:06:11 IST" skipped="0">
  <testcase classname="Groups.grouptest2" name="flogoTest" time="7.151"/>
  <system-out/>
</testsuite> <!-- Groups.grouptest2 -->
